[OIDC Interaction] Loaded details for q0NDfKfchoexMxgUd-NHucgpmTxj_I6aYidWoUieRh7
[OIDC Interaction] Loaded details for q0NDfKfchoexMxgUd-NHucgpmTxj_I6aYidWoUieRh7
[OIDC Interaction] Loaded details for q0NDfKfchoexMxgUd-NHucgpmTxj_I6aYidWoUieRh7
[OIDC Interaction] Loaded details for q0NDfKfchoexMxgUd-NHucgpmTxj_I6aYidWoUieRh7
[OIDC Interaction] Loaded details for q0NDfKfchoexMxgUd-NHucgpmTxj_I6aYidWoUieRh7
[OIDC Action] submitLogin success for q0NDfKfchoexMxgUd-NHucgpmTxj_I6aYidWoUieRh7. Redirecting to: http://localhost:3000/api/oidc/auth/q0NDfKfchoexMxgUd-NHucgpmTxj_I6aYidWoUieRh7
[OIDC Interaction] Loaded details for weLxw0X8-iU2QB0vqOPidIxebMKxw9La0Zp4bigTous
[OIDC Action] submitConsent for uid: weLxw0X8-iU2QB0vqOPidIxebMKxw9La0Zp4bigTous
[OIDC Action] Added scopes to Grant: openid profile email
[OIDC Action] Grant saved: 1ihg2jBPOYEzuGt21ebeg58OsMusguiqdf2ntLbmQ4x
[OIDC Action] submitConsent success for weLxw0X8-iU2QB0vqOPidIxebMKxw9La0Zp4bigTous. Redirecting to: http://localhost:3000/api/oidc/auth/weLxw0X8-iU2QB0vqOPidIxebMKxw9La0Zp4bigTous
[OIDC Interaction] Loaded details for KZ_1kx7WsA8PhUsz5quXS1cReY5qZ5CervU4ZEfiAnX
[OIDC Action] submitLogin success for KZ_1kx7WsA8PhUsz5quXS1cReY5qZ5CervU4ZEfiAnX. Redirecting to: http://localhost:3000/api/oidc/auth/KZ_1kx7WsA8PhUsz5quXS1cReY5qZ5CervU4ZEfiAnX
[OIDC Interaction] Loaded details for 0C1yEGs1uwRrDIw7JABs6tKlL6selOLZ8OJj6kWu4bP
[OIDC Action] submitConsent for uid: 0C1yEGs1uwRrDIw7JABs6tKlL6selOLZ8OJj6kWu4bP
[OIDC Action] Added scopes to Grant: openid profile email
[OIDC Action] Grant saved: 4rfJ7BaSrAuVkvxvMrPgkUTpHZ9rP1ygHSBNOAMHO__
[OIDC Action] submitConsent success for 0C1yEGs1uwRrDIw7JABs6tKlL6selOLZ8OJj6kWu4bP. Redirecting to: http://localhost:3000/api/oidc/auth/0C1yEGs1uwRrDIw7JABs6tKlL6selOLZ8OJj6kWu4bP
[OIDC Interaction] Loaded details for uwSGQvTc0Sf1T1GrBGwyqybaWG_gZPyeNKg4cw1Pg3b
[OIDC Action] submitLogin success for uwSGQvTc0Sf1T1GrBGwyqybaWG_gZPyeNKg4cw1Pg3b. Redirecting to: http://localhost:3000/api/oidc/auth/uwSGQvTc0Sf1T1GrBGwyqybaWG_gZPyeNKg4cw1Pg3b
[OIDC Interaction] Loaded details for RppM4pQjC0Zq_DHAGF5QqQ8mATLT6Kh8SO3oxP44JGt
[OIDC Action] submitConsent for uid: RppM4pQjC0Zq_DHAGF5QqQ8mATLT6Kh8SO3oxP44JGt
[OIDC Action] Added scopes to Grant: openid profile email
[OIDC Action] Grant saved: _1-RvPHa2eMb1t8wKW7dhV7IcNRZA22Y9diC-PeFsqq
[OIDC Action] submitConsent success for RppM4pQjC0Zq_DHAGF5QqQ8mATLT6Kh8SO3oxP44JGt. Redirecting to: http://localhost:3000/api/oidc/auth/RppM4pQjC0Zq_DHAGF5QqQ8mATLT6Kh8SO3oxP44JGt
[OIDC Interaction] Loaded details for -MU_dsAyQQgbc2_-u8InOLf0HwQWiOYaOKQkcfrB6Vk
[OIDC Action] submitConsent for uid: -MU_dsAyQQgbc2_-u8InOLf0HwQWiOYaOKQkcfrB6Vk
[OIDC Action] Added scopes to Grant: openid email profile
[OIDC Action] Grant saved: aS8jGtfw-TBeNq3d8wXjgp29_t4YSuvp-rWv27Q9K10
[OIDC Action] submitConsent success for -MU_dsAyQQgbc2_-u8InOLf0HwQWiOYaOKQkcfrB6Vk. Redirecting to: http://localhost:3000/api/oidc/auth/-MU_dsAyQQgbc2_-u8InOLf0HwQWiOYaOKQkcfrB6Vk
[OIDC Interaction] Loaded details for bC1DDgrlQ6xL54IMhLmnKtu6K3ueXvWIHPWfQGP8BrH
[OIDC Action] submitLogin success for bC1DDgrlQ6xL54IMhLmnKtu6K3ueXvWIHPWfQGP8BrH. Redirecting to: http://localhost:3000/api/oidc/auth/bC1DDgrlQ6xL54IMhLmnKtu6K3ueXvWIHPWfQGP8BrH
[OIDC Interaction] Loaded details for B1M7jJZBP42cHGPnbAZw7mxeklvi11sstFai2m2XncA
[OIDC Action] submitConsent for uid: B1M7jJZBP42cHGPnbAZw7mxeklvi11sstFai2m2XncA
[OIDC Action] Added scopes to Grant: openid email profile
[OIDC Action] Grant saved: uKBbueQFV0V5awKPcUWC37ib_xmChNIgfY-gYlhz0eV
[OIDC Action] submitConsent success for B1M7jJZBP42cHGPnbAZw7mxeklvi11sstFai2m2XncA. Redirecting to: http://localhost:3000/api/oidc/auth/B1M7jJZBP42cHGPnbAZw7mxeklvi11sstFai2m2XncA
[OIDC Interaction] Loaded details for BFAiqsDjmQjD70eRBP4EbERhGpXbN0KPwKrDsI6cN_V
[OIDC Action] submitLogin success for BFAiqsDjmQjD70eRBP4EbERhGpXbN0KPwKrDsI6cN_V. Redirecting to: http://localhost:3000/api/oidc/auth/BFAiqsDjmQjD70eRBP4EbERhGpXbN0KPwKrDsI6cN_V
[OIDC Interaction] Loaded details for -JfE1CAbdH4iv2G0yO6VAf2vVMIYPo3JbSY4OHzWyUK
[OIDC Action] submitConsent for uid: -JfE1CAbdH4iv2G0yO6VAf2vVMIYPo3JbSY4OHzWyUK
[OIDC Action] Added scopes to Grant: openid email profile
[OIDC Action] Grant saved: 9QvAuLieQE4RuBSDk_VvxGBQYElH2bPVij6wCwdAKHi
[OIDC Action] submitConsent success for -JfE1CAbdH4iv2G0yO6VAf2vVMIYPo3JbSY4OHzWyUK. Redirecting to: http://localhost:3000/api/oidc/auth/-JfE1CAbdH4iv2G0yO6VAf2vVMIYPo3JbSY4OHzWyUK
[OIDC Interaction] Loaded details for ux4CRB6moQv9u0pCEhjybBulbhCVDMmvq7o3XPRYju0
[OIDC Action] submitLogin success for ux4CRB6moQv9u0pCEhjybBulbhCVDMmvq7o3XPRYju0. Redirecting to: http://localhost:3000/api/oidc/auth/ux4CRB6moQv9u0pCEhjybBulbhCVDMmvq7o3XPRYju0
[OIDC Interaction] Loaded details for y5R1hKeVpKobU1GVbZG5A2dDNEUlEBsSOVzd1VOnGhC
[OIDC Action] submitConsent for uid: y5R1hKeVpKobU1GVbZG5A2dDNEUlEBsSOVzd1VOnGhC
[OIDC Action] Added scopes to Grant: openid email profile
[OIDC Action] Grant saved: dRbSmY56pFJLximrG3L7_U2BJiKIWlNfONumSogTR2U
[OIDC Action] submitConsent success for y5R1hKeVpKobU1GVbZG5A2dDNEUlEBsSOVzd1VOnGhC. Redirecting to: http://localhost:3000/api/oidc/auth/y5R1hKeVpKobU1GVbZG5A2dDNEUlEBsSOVzd1VOnGhC
[OIDC Interaction] Loaded details for YEWn9hvCg7ySdsJden815jKkoRhZfSi6Ha-I551bQPf
[OIDC Action] submitLogin success for YEWn9hvCg7ySdsJden815jKkoRhZfSi6Ha-I551bQPf. Redirecting to: http://localhost:3000/api/oidc/auth/YEWn9hvCg7ySdsJden815jKkoRhZfSi6Ha-I551bQPf
[OIDC Interaction] Loaded details for I3tSaiBbhSgT4hIXDpsoJ2QOtYmKwCSUIKNWiT3B9Eg
[OIDC Action] submitConsent for uid: I3tSaiBbhSgT4hIXDpsoJ2QOtYmKwCSUIKNWiT3B9Eg
[OIDC Action] Added scopes to Grant: openid email profile
[OIDC Action] Grant saved: c81BVjXV_tOEeqX8_WKPp4HzPIMAYuTCYbmG2WVSH81
[OIDC Action] submitConsent success for I3tSaiBbhSgT4hIXDpsoJ2QOtYmKwCSUIKNWiT3B9Eg. Redirecting to: http://localhost:3000/api/oidc/auth/I3tSaiBbhSgT4hIXDpsoJ2QOtYmKwCSUIKNWiT3B9Eg
[OIDC Interaction] Loaded details for AGEwfG_6GgT4MBv-ePk1fwcvj1eD1T2tZiaTVf0Gl34
[OIDC Action] submitLogin success for AGEwfG_6GgT4MBv-ePk1fwcvj1eD1T2tZiaTVf0Gl34. Redirecting to: http://localhost:3000/api/oidc/auth/AGEwfG_6GgT4MBv-ePk1fwcvj1eD1T2tZiaTVf0Gl34
[OIDC Interaction] Loaded details for XeX63nINrN3dy0CrCMRhUWwR_clSb6G0d2-f_8DWAZj
[OIDC Action] submitConsent for uid: XeX63nINrN3dy0CrCMRhUWwR_clSb6G0d2-f_8DWAZj
[OIDC Action] Added scopes to Grant: openid email profile
[OIDC Action] Grant saved: yTC3ri673DlmXDvaejWL4fPGaBLADIFpAMreUKY_1Vi
[OIDC Action] submitConsent success for XeX63nINrN3dy0CrCMRhUWwR_clSb6G0d2-f_8DWAZj. Redirecting to: http://localhost:3000/api/oidc/auth/XeX63nINrN3dy0CrCMRhUWwR_clSb6G0d2-f_8DWAZj
[OIDC Interaction] Loaded details for QS7xfVsdUbhbzJUUhwTywwxQt8rFj6mrwnQx29vKPRk
[OIDC Action] submitLogin success for QS7xfVsdUbhbzJUUhwTywwxQt8rFj6mrwnQx29vKPRk. Redirecting to: http://localhost:3000/api/oidc/auth/QS7xfVsdUbhbzJUUhwTywwxQt8rFj6mrwnQx29vKPRk
[OIDC Interaction] Loaded details for O3O5plNGWZRNBg5N--5oGunjvbXxTMDVg9_s22qCQNT
[OIDC Action] submitConsent for uid: O3O5plNGWZRNBg5N--5oGunjvbXxTMDVg9_s22qCQNT
[OIDC Action] Added scopes to Grant: openid email profile
[OIDC Action] Grant saved: 98VQCuT1QnidbYuufm5XtIGFgYcSzHOB2H50PunfHGN
[OIDC Action] submitConsent success for O3O5plNGWZRNBg5N--5oGunjvbXxTMDVg9_s22qCQNT. Redirecting to: http://localhost:3000/api/oidc/auth/O3O5plNGWZRNBg5N--5oGunjvbXxTMDVg9_s22qCQNT
[OIDC Interaction] Loaded details for F3bLoYipX9PEBkwWkU08VsPM877-HdCpo0pLe78hGkP
[OIDC Action] submitConsent for uid: F3bLoYipX9PEBkwWkU08VsPM877-HdCpo0pLe78hGkP
[OIDC Action] Added scopes to Grant: openid profile email
[OIDC Action] Grant saved: sRrixr0xsJlVM28dqiO8BuZ3DIIvXRXty92oluPtp4y
[OIDC Action] submitConsent success for F3bLoYipX9PEBkwWkU08VsPM877-HdCpo0pLe78hGkP. Redirecting to: http://localhost:3000/api/oidc/auth/F3bLoYipX9PEBkwWkU08VsPM877-HdCpo0pLe78hGkP
[OIDC Interaction] Loaded details for QBG7KPQylG_R9zd-INGQ7vEtrQzmgsWQ-UytshLxlhi
[OIDC Action] submitLogin success for QBG7KPQylG_R9zd-INGQ7vEtrQzmgsWQ-UytshLxlhi. Redirecting to: http://localhost:3000/api/oidc/auth/QBG7KPQylG_R9zd-INGQ7vEtrQzmgsWQ-UytshLxlhi
[OIDC Interaction] Loaded details for jRUStAdR2F9ajAbIRuTeeyq3U6r4JqOBtsLNMotCnQu
[OIDC Action] submitConsent for uid: jRUStAdR2F9ajAbIRuTeeyq3U6r4JqOBtsLNMotCnQu
[OIDC Action] Added scopes to Grant: openid email profile
[OIDC Action] Grant saved: 8G0SwsDQhfYgsVFedZj-7UI73UFwB0qphyVB932fOhQ
[OIDC Action] submitConsent success for jRUStAdR2F9ajAbIRuTeeyq3U6r4JqOBtsLNMotCnQu. Redirecting to: http://localhost:3000/api/oidc/auth/jRUStAdR2F9ajAbIRuTeeyq3U6r4JqOBtsLNMotCnQu
